<?xml version="1.0" encoding="UTF-8"?>
<testng-results ignored="0" total="1" passed="1" failed="0" skipped="0">
  <reporter-output>
  </reporter-output>
  <suite started-at="2024-08-23T03:06:18 PDT" name="Default suite" finished-at="2024-08-23T03:06:33 PDT" duration-ms="14343">
    <groups>
    </groups>
    <test started-at="2024-08-23T03:06:18 PDT" name="Default test" finished-at="2024-08-23T03:06:33 PDT" duration-ms="14343">
      <class name="com.scroll.Scroll1">
        <test-method signature="Scrollup()[pri:0, instance:com.scroll.Scroll1@6973b51b]" started-at="2024-08-23T03:06:18 PDT" name="Scrollup" finished-at="2024-08-23T03:06:33 PDT" duration-ms="14306" status="PASS">
          <reporter-output>
          </reporter-output>
        </test-method> <!-- Scrollup -->
      </class> <!-- com.scroll.Scroll1 -->
    </test> <!-- Default test -->
  </suite> <!-- Default suite -->
</testng-results>
